This is XeTeX, Version 3.141592653-2.6-0.999993 (MiKTeX 21.8) (preloaded format=xelatex 2021.10.19)  17 JAN 2023 11:35
entering extended mode
**./How_to_write_latex.tex
(How_to_write_latex.tex
LaTeX2e <2021-06-01> patch level 1
L3 programming layer <2021-08-27> (Experimental_Report.cls

LaTeX Warning: You have requested document class `Experimental_Report',
               but the document class provides `HustGraduPaper'.

Document Class: HustGraduPaper 2018/03/19\nobreakspace {}v2.1.7\nobreakspace {}
Adapt HUST style to article
(D:\新生实践课\新建文件夹\新建文件夹\tex/latex/xstring\xstring.sty
(D:\新生实践课\新建文件夹\新建文件夹\tex/generic/xstring\xstring.tex
\integerpart=\count178
\decimalpart=\count179
)
Package: xstring 2021/07/21 v1.84 String manipulations (CT)
)
(D:\新生实践课\新建文件夹\新建文件夹\tex/latex/base\article.cls
Document Class: article 2021/02/12 v1.4n Standard LaTeX document class
(D:\新生实践课\新建文件夹\新建文件夹\tex/latex/base\size10.clo
File: size10.clo 2021/02/12 v1.4n Standard LaTeX file (size option)
)
\c@part=\count180
\c@section=\count181
\c@subsection=\count182
\c@subsubsection=\count183
\c@paragraph=\count184
\c@subparagraph=\count185
\c@figure=\count186
\c@table=\count187
\abovecaptionskip=\skip47
\belowcaptionskip=\skip48
\bibindent=\dimen138
)
(D:\新生实践课\新建文件夹\新建文件夹\tex/xelatex/xecjk\xeCJK.sty
(D:\新生实践课\新建文件夹\新建文件夹\tex/latex/l3kernel\expl3.sty
Package: expl3 2021-08-27 L3 programming layer (loader) 

(D:\新生实践课\新建文件夹\新建文件夹\tex/latex/l3backend\l3backend-xetex.def
File: l3backend-xetex.def 2021-08-04 L3 backend support: XeTeX
 ()
\c__kernel_sys_dvipdfmx_version_int=\count188
\l__color_backend_stack_int=\count189
\g__color_backend_stack_int=\count190
\g__graphics_track_int=\count191
\l__pdf_internal_box=\box50
\g__pdf_backend_object_int=\count192
\g__pdf_backend_annotation_int=\count193
\g__pdf_backend_link_int=\count194
))
Package: xeCJK 2021/06/20 v3.8.7 Typesetting CJK scripts with XeLaTeX

(D:\新生实践课\新建文件夹\新建文件夹\tex/latex/ctex\ctexhook.sty
Package: ctexhook 2021/06/20 v2.5.7 Document and package hooks (CTEX)
)
(D:\新生实践课\新建文件夹\新建文件夹\tex/latex/l3packages/l3keys2e\l3keys2e.sty
Package: l3keys2e 2021-08-27 LaTeX2e option processing using LaTeX3 keys
)
(D:\新生实践课\新建文件夹\新建文件夹\tex/latex/l3packages/xtemplate\xtemplate.sty
Package: xtemplate 2021-08-27 L3 Experimental prototype document functions
\l__xtemplate_tmp_dim=\dimen139
\l__xtemplate_tmp_int=\count195
\l__xtemplate_tmp_muskip=\muskip16
\l__xtemplate_tmp_skip=\skip49
)
(D:\新生实践课\新建文件夹\新建文件夹\tex/latex/l3packages/xparse\xparse.sty
Package: xparse 2021-08-27 L3 Experimental document command parser
)
\l__xeCJK_tmp_int=\count196
\l__xeCJK_tmp_box=\box51
\l__xeCJK_tmp_dim=\dimen140
\l__xeCJK_tmp_skip=\skip50
\g__xeCJK_space_factor_int=\count197
\l__xeCJK_begin_int=\count198
\l__xeCJK_end_int=\count199
\c__xeCJK_CJK_class_int=\XeTeXcharclass1
\c__xeCJK_FullLeft_class_int=\XeTeXcharclass2
\c__xeCJK_FullRight_class_int=\XeTeXcharclass3
\c__xeCJK_HalfLeft_class_int=\XeTeXcharclass4
\c__xeCJK_HalfRight_class_int=\XeTeXcharclass5
\c__xeCJK_NormalSpace_class_int=\XeTeXcharclass6
\c__xeCJK_CM_class_int=\XeTeXcharclass7
\c__xeCJK_HangulJamo_class_int=\XeTeXcharclass8
\l__xeCJK_last_skip=\skip51
\g__xeCJK_node_int=\count266
\c__xeCJK_CJK_node_dim=\dimen141
\c__xeCJK_CJK-space_node_dim=\dimen142
\c__xeCJK_default_node_dim=\dimen143
\c__xeCJK_default-space_node_dim=\dimen144
\c__xeCJK_CJK-widow_node_dim=\dimen145
\c__xeCJK_normalspace_node_dim=\dimen146
\l__xeCJK_ccglue_skip=\skip52
\l__xeCJK_ecglue_skip=\skip53
\l__xeCJK_punct_kern_skip=\skip54
\l__xeCJK_last_penalty_int=\count267
\l__xeCJK_last_bound_dim=\dimen147
\l__xeCJK_last_kern_dim=\dimen148
\l__xeCJK_widow_penalty_int=\count268

Package xtemplate Info: Declaring object type 'xeCJK/punctuation' taking 0
(xtemplate)             argument(s) on line 2335.

\l__xeCJK_fixed_punct_width_dim=\dimen149
\l__xeCJK_mixed_punct_width_dim=\dimen150
\l__xeCJK_middle_punct_width_dim=\dimen151
\l__xeCJK_fixed_margin_width_dim=\dimen152
\l__xeCJK_mixed_margin_width_dim=\dimen153
\l__xeCJK_middle_margin_width_dim=\dimen154
\l__xeCJK_bound_punct_width_dim=\dimen155
\l__xeCJK_bound_margin_width_dim=\dimen156
\l__xeCJK_margin_minimum_dim=\dimen157
\l__xeCJK_kerning_total_width_dim=\dimen158
\l__xeCJK_same_align_margin_dim=\dimen159
\l__xeCJK_different_align_margin_dim=\dimen160
\l__xeCJK_kerning_margin_width_dim=\dimen161
\l__xeCJK_kerning_margin_minimum_dim=\dimen162
\l__xeCJK_bound_dim=\dimen163
\l__xeCJK_reverse_bound_dim=\dimen164
\l__xeCJK_margin_dim=\dimen165
\l__xeCJK_minimum_bound_dim=\dimen166
\l__xeCJK_kerning_margin_dim=\dimen167
\g__xeCJK_family_int=\count269
\l__xeCJK_fam_int=\count270
\g__xeCJK_fam_allocation_int=\count271
\l__xeCJK_verb_case_int=\count272
\l__xeCJK_verb_exspace_skip=\skip55

(D:\新生实践课\新建文件夹\新建文件夹\tex/latex/fontspec\fontspec.sty
Package: fontspec 2020/02/21 v2.7i Font selection for XeLaTeX and LuaLaTeX

(D:\新生实践课\新建文件夹\新建文件夹\tex/latex/fontspec\fontspec-xetex.sty
Package: fontspec-xetex 2020/02/21 v2.7i Font selection for XeLaTeX and LuaLaTe
X
\l__fontspec_script_int=\count273
\l__fontspec_language_int=\count274
\l__fontspec_strnum_int=\count275
\l__fontspec_tmp_int=\count276
\l__fontspec_tmpa_int=\count277
\l__fontspec_tmpb_int=\count278
\l__fontspec_tmpc_int=\count279
\l__fontspec_em_int=\count280
\l__fontspec_emdef_int=\count281
\l__fontspec_strong_int=\count282
\l__fontspec_strongdef_int=\count283
\l__fontspec_tmpa_dim=\dimen168
\l__fontspec_tmpb_dim=\dimen169
\l__fontspec_tmpc_dim=\dimen170

(D:\新生实践课\新建文件夹\新建文件夹\tex/latex/base\fontenc.sty
Package: fontenc 2021/04/29 v2.0v Standard LaTeX package
)
(D:\新生实践课\新建文件夹\新建文件夹\tex/latex/fontspec\fontspec.cfg)))
(D:\新生实践课\新建文件夹\新建文件夹\tex/xelatex/xecjk\xeCJK.cfg
File: xeCJK.cfg 2021/06/20 v3.8.7 Configuration file for xeCJK package
))
(D:\新生实践课\新建文件夹\新建文件夹\tex/latex/ctex\ctex.sty
Package: ctex 2021/06/20 v2.5.7 Chinese adapter in LaTeX (CTEX)

(D:\新生实践课\新建文件夹\新建文件夹\tex/latex/ctex\ctexpatch.sty
Package: ctexpatch 2021/06/20 v2.5.7 Patching commands (CTEX)
)
(D:\新生实践课\新建文件夹\新建文件夹\tex/latex/base\fix-cm.sty
Package: fix-cm 2020/11/24 v1.1t fixes to LaTeX

(D:\新生实践课\新建文件夹\新建文件夹\tex/latex/base\ts1enc.def
File: ts1enc.def 2001/06/05 v3.0e (jk/car/fm) Standard LaTeX file
LaTeX Font Info:    Redeclaring font encoding TS1 on input line 47.
))
\l__ctex_tmp_int=\count284
\l__ctex_tmp_box=\box52
\l__ctex_tmp_dim=\dimen171
\g__ctex_section_depth_int=\count285
\g__ctex_font_size_int=\count286

(D:\新生实践课\新建文件夹\新建文件夹\tex/latex/ctex/config\ctexopts.cfg
File: ctexopts.cfg 2021/06/20 v2.5.7 Option configuration file (CTEX)
)
(D:\新生实践课\新建文件夹\新建文件夹\tex/latex/ctex/engine\ctex-engine-xetex.def
File: ctex-engine-xetex.def 2021/06/20 v2.5.7 XeLaTeX adapter (CTEX)
\ccwd=\dimen172
\l__ctex_ccglue_skip=\skip56
)
\l__ctex_ziju_dim=\dimen173

(D:\新生实践课\新建文件夹\新建文件夹\tex/latex/zhnumber\zhnumber.sty
Package: zhnumber 2020/05/01 v2.8 Typesetting numbers with Chinese glyphs
\l__zhnum_scale_int=\count287

(D:\新生实践课\新建文件夹\新建文件夹\tex/latex/zhnumber\zhnumber-utf8.cfg
File: zhnumber-utf8.cfg 2020/05/01 v2.8 Chinese numerals with UTF8 encoding
))
(D:\新生实践课\新建文件夹\新建文件夹\tex/latex/ctex/heading\ctex-heading-article.def
File: ctex-article.def 2021/06/20 v2.5.7 Heading modification for article (CTEX
)
\l__ctex_heading_skip=\skip57

(D:\新生实践课\新建文件夹\新建文件夹\tex/latex/ctex/scheme\ctex-scheme-chinese-article.def
File: ctex-scheme-chinese-article.def 2021/06/20 v2.5.7 Chinese scheme for arti
cle (CTEX)

(D:\新生实践课\新建文件夹\新建文件夹\tex/latex/ctex/config\ctex-name-utf8.cfg
File: ctex-name-utf8.cfg 2021/06/20 v2.5.7 Caption with encoding UTF-8 (CTEX)
)))
(D:\新生实践课\新建文件夹\新建文件夹\tex/latex/ctex\ctex-cs4size.clo
File: ctex-cs4size.clo 2021/06/20 v2.5.7 cs4size option (CTEX)
)
(D:\新生实践课\新建文件夹\新建文件夹\tex/latex/ctex/fontset\ctex-fontset-windows.def
File: ctex-fontset-windows.def 2021/06/20 v2.5.7 Windows fonts definition (CTEX
)

Package fontspec Info: Could not resolve font "KaiTi/B" (it probably doesn't
(fontspec)             exist).


Package fontspec Info: Could not resolve font "SimHei/I" (it probably doesn't
(fontspec)             exist).


Package fontspec Info: Could not resolve font "SimSun/BI" (it probably doesn't
(fontspec)             exist).


Package fontspec Info: Font family 'SimSun(0)' created for font 'SimSun' with
(fontspec)             options
(fontspec)             [Script={CJK},BoldFont={SimHei},ItalicFont={KaiTi}].
(fontspec)              
(fontspec)              This font family consists of the following NFSS
(fontspec)             series/shapes:
(fontspec)              
(fontspec)             - 'normal' (m/n) with NFSS spec.:
(fontspec)             <->"SimSun/OT:script=hani;language=dflt;"
(fontspec)             - 'small caps'  (m/sc) with NFSS spec.: 
(fontspec)             - 'bold' (b/n) with NFSS spec.:
(fontspec)             <->"SimHei/OT:script=hani;language=dflt;"
(fontspec)             - 'bold small caps'  (b/sc) with NFSS spec.: 
(fontspec)             - 'italic' (m/it) with NFSS spec.:
(fontspec)             <->"KaiTi/OT:script=hani;language=dflt;"
(fontspec)             - 'italic small caps'  (m/scit) with NFSS spec.: 

))
(D:\新生实践课\新建文件夹\新建文件夹\tex/latex/ctex/config\ctex.cfg
File: ctex.cfg 2021/06/20 v2.5.7 Configuration file (CTEX)
)
(D:\新生实践课\新建文件夹\新建文件夹\tex/latex/geometry\geometry.sty
Package: geometry 2020/01/02 v5.9 Page Geometry

(D:\新生实践课\新建文件夹\新建文件夹\tex/latex/graphics\keyval.sty
Package: keyval 2014/10/28 v1.15 key=value parser (DPC)
\KV@toks@=\toks16
)
(D:\新生实践课\新建文件夹\新建文件夹\tex/generic/iftex\ifvtex.sty
Package: ifvtex 2019/10/25 v1.7 ifvtex legacy package. Use iftex instead.

(D:\新生实践课\新建文件夹\新建文件夹\tex/generic/iftex\iftex.sty
Package: iftex 2020/03/06 v1.0d TeX engine tests
))
\Gm@cnth=\count288
\Gm@cntv=\count289
\c@Gm@tempcnt=\count290
\Gm@bindingoffset=\dimen174
\Gm@wd@mp=\dimen175
\Gm@odd@mp=\dimen176
\Gm@even@mp=\dimen177
\Gm@layoutwidth=\dimen178
\Gm@layoutheight=\dimen179
\Gm@layouthoffset=\dimen180
\Gm@layoutvoffset=\dimen181
\Gm@dimlist=\toks17

(D:\新生实践课\新建文件夹\新建文件夹\tex/latex/geometry\geometry.cfg))

Package fontspec Info: Font family 'TimesNewRoman(0)' created for font 'Times
(fontspec)             New Roman' with options [Ligatures=TeX].
(fontspec)              
(fontspec)              This font family consists of the following NFSS
(fontspec)             series/shapes:
(fontspec)              
(fontspec)             - 'normal' (m/n) with NFSS spec.: <->"Times New
(fontspec)             Roman/OT:script=latn;language=dflt;mapping=tex-text;"
(fontspec)             - 'small caps'  (m/sc) with NFSS spec.: <->"Times New
(fontspec)             Roman/OT:script=latn;language=dflt;+smcp;mapping=tex-tex
t;"
(fontspec)             - 'bold' (b/n) with NFSS spec.: <->"Times New
(fontspec)             Roman/B/OT:script=latn;language=dflt;mapping=tex-text;"
(fontspec)             - 'bold small caps'  (b/sc) with NFSS spec.: <->"Times
(fontspec)             New
(fontspec)             Roman/B/OT:script=latn;language=dflt;+smcp;mapping=tex-t
ext;"
(fontspec)             - 'italic' (m/it) with NFSS spec.: <->"Times New
(fontspec)             Roman/I/OT:script=latn;language=dflt;mapping=tex-text;"
(fontspec)             - 'italic small caps'  (m/scit) with NFSS spec.:
(fontspec)             <->"Times New
(fontspec)             Roman/I/OT:script=latn;language=dflt;+smcp;mapping=tex-t
ext;"
(fontspec)             - 'bold italic' (b/it) with NFSS spec.: <->"Times New
(fontspec)             Roman/BI/OT:script=latn;language=dflt;mapping=tex-text;"

(fontspec)             - 'bold italic small caps'  (b/scit) with NFSS spec.:
(fontspec)             <->"Times New
(fontspec)             Roman/BI/OT:script=latn;language=dflt;+smcp;mapping=tex-
text;"


(D:\新生实践课\新建文件夹\新建文件夹\tex/latex/fancyhdr\fancyhdr.sty
Package: fancyhdr 2021/01/28 v4.0.1 Extensive control of page headers and foote
rs
\f@nch@headwidth=\skip58
\f@nch@O@elh=\skip59
\f@nch@O@erh=\skip60
\f@nch@O@olh=\skip61
\f@nch@O@orh=\skip62
\f@nch@O@elf=\skip63
\f@nch@O@erf=\skip64
\f@nch@O@olf=\skip65
\f@nch@O@orf=\skip66
)
(D:\新生实践课\新建文件夹\新建文件夹\tex/latex/titlesec\titlesec.sty
Package: titlesec 2021/07/05 v2.14 Sectioning titles
\ttl@box=\box53
\beforetitleunit=\skip67
\aftertitleunit=\skip68
\ttl@plus=\dimen182
\ttl@minus=\dimen183
\ttl@toksa=\toks18
\titlewidth=\dimen184
\titlewidthlast=\dimen185
\titlewidthfirst=\dimen186
)
\c@subsubsubsection=\count291

(D:\新生实践课\新建文件夹\新建文件夹\tex/latex/tocloft\tocloft.sty
Package: tocloft 2017/08/31 v2.3i parameterised ToC, etc., typesetting
Package tocloft Info: The document has section divisions on input line 51.
\cftparskip=\skip69
\cftbeforetoctitleskip=\skip70
\cftaftertoctitleskip=\skip71
\cftbeforepartskip=\skip72
\cftpartnumwidth=\skip73
\cftpartindent=\skip74
\cftbeforesecskip=\skip75
\cftsecindent=\skip76
\cftsecnumwidth=\skip77
\cftbeforesubsecskip=\skip78
\cftsubsecindent=\skip79
\cftsubsecnumwidth=\skip80
\cftbeforesubsubsecskip=\skip81
\cftsubsubsecindent=\skip82
\cftsubsubsecnumwidth=\skip83
\cftbeforeparaskip=\skip84
\cftparaindent=\skip85
\cftparanumwidth=\skip86
\cftbeforesubparaskip=\skip87
\cftsubparaindent=\skip88
\cftsubparanumwidth=\skip89
\cftbeforeloftitleskip=\skip90
\cftafterloftitleskip=\skip91
\cftbeforefigskip=\skip92
\cftfigindent=\skip93
\cftfignumwidth=\skip94
\c@lofdepth=\count292
\c@lotdepth=\count293
\cftbeforelottitleskip=\skip95
\cftafterlottitleskip=\skip96
\cftbeforetabskip=\skip97
\cfttabindent=\skip98
\cfttabnumwidth=\skip99
)
(D:\新生实践课\新建文件夹\新建文件夹\tex/latex/hyperref\hyperref.sty
Package: hyperref 2021-06-07 v7.00m Hypertext links for LaTeX

(D:\新生实践课\新建文件夹\新建文件夹\tex/generic/ltxcmds\ltxcmds.sty
Package: ltxcmds 2020-05-10 v1.25 LaTeX kernel commands for general use (HO)
)
(D:\新生实践课\新建文件夹\新建文件夹\tex/generic/pdftexcmds\pdftexcmds.sty
Package: pdftexcmds 2020-06-27 v0.33 Utility functions of pdfTeX for LuaTeX (HO
)

(D:\新生实践课\新建文件夹\新建文件夹\tex/generic/infwarerr\infwarerr.sty
Package: infwarerr 2019/12/03 v1.5 Providing info/warning/error messages (HO)
)
Package pdftexcmds Info: \pdf@primitive is available.
Package pdftexcmds Info: \pdf@ifprimitive is available.
Package pdftexcmds Info: \pdfdraftmode not found.
)
(D:\新生实践课\新建文件夹\新建文件夹\tex/generic/kvsetkeys\kvsetkeys.sty
Package: kvsetkeys 2019/12/15 v1.18 Key value parser (HO)
)
(D:\新生实践课\新建文件夹\新建文件夹\tex/generic/kvdefinekeys\kvdefinekeys.sty
Package: kvdefinekeys 2019-12-19 v1.6 Define keys (HO)
)
(D:\新生实践课\新建文件夹\新建文件夹\tex/generic/pdfescape\pdfescape.sty
Package: pdfescape 2019/12/09 v1.15 Implements pdfTeX's escape features (HO)
)
(D:\新生实践课\新建文件夹\新建文件夹\tex/latex/hycolor\hycolor.sty
Package: hycolor 2020-01-27 v1.10 Color options for hyperref/bookmark (HO)
)
(D:\新生实践课\新建文件夹\新建文件夹\tex/latex/letltxmacro\letltxmacro.sty
Package: letltxmacro 2019/12/03 v1.6 Let assignment for LaTeX macros (HO)
)
(D:\新生实践课\新建文件夹\新建文件夹\tex/latex/auxhook\auxhook.sty
Package: auxhook 2019-12-17 v1.6 Hooks for auxiliary files (HO)
)
(D:\新生实践课\新建文件夹\新建文件夹\tex/latex/kvoptions\kvoptions.sty
Package: kvoptions 2020-10-07 v3.14 Key value format for package options (HO)
)
\@linkdim=\dimen187
\Hy@linkcounter=\count294
\Hy@pagecounter=\count295

(D:\新生实践课\新建文件夹\新建文件夹\tex/latex/hyperref\pd1enc.def
File: pd1enc.def 2021-06-07 v7.00m Hyperref: PDFDocEncoding definition (HO)
)
(D:\新生实践课\新建文件夹\新建文件夹\tex/latex/hyperref\hyperref-langpatches.def
File: hyperref-langpatches.def 2021-06-07 v7.00m Hyperref: patches for babel la
nguages
)
(D:\新生实践课\新建文件夹\新建文件夹\tex/generic/intcalc\intcalc.sty
Package: intcalc 2019/12/15 v1.3 Expandable calculations with integers (HO)
)
(D:\新生实践课\新建文件夹\新建文件夹\tex/generic/etexcmds\etexcmds.sty
Package: etexcmds 2019/12/15 v1.7 Avoid name clashes with e-TeX commands (HO)
)
\Hy@SavedSpaceFactor=\count296

(D:\新生实践课\新建文件夹\新建文件夹\tex/latex/hyperref\puenc.def
File: puenc.def 2021-06-07 v7.00m Hyperref: PDF Unicode definition (HO)
)
Package hyperref Info: Option `unicode' set `true' on input line 4073.
Package hyperref Info: Hyper figures OFF on input line 4192.
Package hyperref Info: Link nesting OFF on input line 4197.
Package hyperref Info: Hyper index ON on input line 4200.
Package hyperref Info: Plain pages OFF on input line 4207.
Package hyperref Info: Backreferencing OFF on input line 4212.
Package hyperref Info: Implicit mode ON; LaTeX internals redefined.
Package hyperref Info: Bookmarks ON on input line 4445.
\c@Hy@tempcnt=\count297

(D:\新生实践课\新建文件夹\新建文件夹\tex/latex/url\url.sty
\Urlmuskip=\muskip17
Package: url 2013/09/16  ver 3.4  Verb mode for urls, etc.
)
LaTeX Info: Redefining \url on input line 4804.
\XeTeXLinkMargin=\dimen188

(D:\新生实践课\新建文件夹\新建文件夹\tex/generic/bitset\bitset.sty
Package: bitset 2019/12/09 v1.3 Handle bit-vector datatype (HO)

(D:\新生实践课\新建文件夹\新建文件夹\tex/generic/bigintcalc\bigintcalc.sty
Package: bigintcalc 2019/12/15 v1.5 Expandable calculations on big integers (HO
)
))
\Fld@menulength=\count298
\Field@Width=\dimen189
\Fld@charsize=\dimen190
Package hyperref Info: Hyper figures OFF on input line 6076.
Package hyperref Info: Link nesting OFF on input line 6081.
Package hyperref Info: Hyper index ON on input line 6084.
Package hyperref Info: backreferencing OFF on input line 6091.
Package hyperref Info: Link coloring OFF on input line 6096.
Package hyperref Info: Link coloring with OCG OFF on input line 6101.
Package hyperref Info: PDF/A mode OFF on input line 6106.
LaTeX Info: Redefining \ref on input line 6146.
LaTeX Info: Redefining \pageref on input line 6150.

(D:\新生实践课\新建文件夹\新建文件夹\tex/latex/base\atbegshi-ltx.sty
Package: atbegshi-ltx 2021/01/10 v1.0c Emulation of the original atbegshi
package with kernel methods
)
\Hy@abspage=\count299
\c@Item=\count300
\c@Hfootnote=\count301
)
Package hyperref Info: Driver (autodetected): hxetex.

(D:\新生实践课\新建文件夹\新建文件夹\tex/latex/hyperref\hxetex.def
File: hxetex.def 2021-06-07 v7.00m Hyperref driver for XeTeX

(D:\新生实践课\新建文件夹\新建文件夹\tex/generic/stringenc\stringenc.sty
Package: stringenc 2019/11/29 v1.12 Convert strings between diff. encodings (HO
)
)
\pdfm@box=\box54
\c@Hy@AnnotLevel=\count302
\HyField@AnnotCount=\count303
\Fld@listcount=\count304
\c@bookmark@seq@number=\count305

(D:\新生实践课\新建文件夹\新建文件夹\tex/latex/rerunfilecheck\rerunfilecheck.sty
Package: rerunfilecheck 2019/12/05 v1.9 Rerun checks for auxiliary files (HO)

(D:\新生实践课\新建文件夹\新建文件夹\tex/latex/base\atveryend-ltx.sty
Package: atveryend-ltx 2020/08/19 v1.0a Emulation of the original atvery packag
e
with kernel methods
)
(D:\新生实践课\新建文件夹\新建文件夹\tex/generic/uniquecounter\uniquecounter.sty
Package: uniquecounter 2019/12/15 v1.4 Provide unlimited unique counter (HO)
)
Package uniquecounter Info: New unique counter `rerunfilecheck' on input line 2
86.
)
\Hy@SectionHShift=\skip100
)
\cftbeforesubsubsubsecskip=\skip101
\cftsubsubsubsecindent=\skip102
\cftsubsubsubsecnumwidth=\skip103

(D:\新生实践课\新建文件夹\新建文件夹\tex/latex/appendix\appendix.sty
Package: appendix 2020/02/08 v1.2c extra appendix facilities
\c@@pps=\count306
\c@@ppsavesec=\count307
\c@@ppsaveapp=\count308
)
(D:\新生实践课\新建文件夹\新建文件夹\tex/latex/caption\caption.sty
Package: caption 2020/10/26 v3.5g Customizing captions (AR)

(D:\新生实践课\新建文件夹\新建文件夹\tex/latex/caption\caption3.sty
Package: caption3 2020/10/21 v2.2e caption3 kernel (AR)
\captionmargin=\dimen191
\captionmargin@=\dimen192
\captionwidth=\dimen193
\caption@tempdima=\dimen194
\caption@indent=\dimen195
\caption@parindent=\dimen196
\caption@hangindent=\dimen197
Package caption Info: Standard document class detected.
)
\c@caption@flags=\count309
\c@continuedfloat=\count310
Package caption Info: hyperref package is loaded.
)
(D:\新生实践课\新建文件夹\新建文件夹\tex/latex/tools\tabularx.sty
Package: tabularx 2020/01/15 v2.11c `tabularx' package (DPC)

(D:\新生实践课\新建文件夹\新建文件夹\tex/latex/tools\array.sty
Package: array 2021/04/20 v2.5e Tabular extension package (FMi)
\col@sep=\dimen198
\ar@mcellbox=\box55
\extrarowheight=\dimen199
\NC@list=\toks19
\extratabsurround=\skip104
\backup@length=\skip105
\ar@cellbox=\box56
)
\TX@col@width=\dimen256
\TX@old@table=\dimen257
\TX@old@col=\dimen258
\TX@target=\dimen259
\TX@delta=\dimen260
\TX@cols=\count311
\TX@ftn=\toks20
)
(D:\新生实践课\新建文件夹\新建文件夹\tex/latex/makecell\makecell.sty
Package: makecell 2009/08/03 V0.1e Managing of Tab Column Heads and Cells
\rotheadsize=\dimen261
\c@nlinenum=\count312
\TeXr@lab=\toks21
)
(D:\新生实践课\新建文件夹\新建文件夹\tex/latex/booktabs\booktabs.sty
Package: booktabs 2020/01/12 v1.61803398 Publication quality tables
\heavyrulewidth=\dimen262
\lightrulewidth=\dimen263
\cmidrulewidth=\dimen264
\belowrulesep=\dimen265
\belowbottomsep=\dimen266
\aboverulesep=\dimen267
\abovetopsep=\dimen268
\cmidrulesep=\dimen269
\cmidrulekern=\dimen270
\defaultaddspace=\dimen271
\@cmidla=\count313
\@cmidlb=\count314
\@aboverulesep=\dimen272
\@belowrulesep=\dimen273
\@thisruleclass=\count315
\@lastruleclass=\count316
\@thisrulewidth=\dimen274
)
(D:\新生实践课\新建文件夹\新建文件夹\tex/latex/graphics\graphicx.sty
Package: graphicx 2020/12/05 v1.2c Enhanced LaTeX Graphics (DPC,SPQR)

(D:\新生实践课\新建文件夹\新建文件夹\tex/latex/graphics\graphics.sty
Package: graphics 2021/03/04 v1.4d Standard LaTeX Graphics (DPC,SPQR)

(D:\新生实践课\新建文件夹\新建文件夹\tex/latex/graphics\trig.sty
Package: trig 2016/01/03 v1.10 sin cos tan (DPC)
)
(D:\新生实践课\新建文件夹\新建文件夹\tex/latex/graphics-cfg\graphics.cfg
File: graphics.cfg 2016/06/04 v1.11 sample graphics configuration
)
Package graphics Info: Driver file: xetex.def on input line 107.

(D:\新生实践课\新建文件夹\新建文件夹\tex/latex/graphics-def\xetex.def
File: xetex.def 2021/03/18 v5.0k Graphics/color driver for xetex
))
\Gin@req@height=\dimen275
\Gin@req@width=\dimen276
)
(D:\新生实践课\新建文件夹\新建文件夹\tex/latex/amsmath\amsmath.sty
Package: amsmath 2021/04/20 v2.17j AMS math features
\@mathmargin=\skip106

For additional information on amsmath, use the `?' option.
(D:\新生实践课\新建文件夹\新建文件夹\tex/latex/amsmath\amstext.sty
Package: amstext 2000/06/29 v2.01 AMS text

(D:\新生实践课\新建文件夹\新建文件夹\tex/latex/amsmath\amsgen.sty
File: amsgen.sty 1999/11/30 v2.0 generic functions
\@emptytoks=\toks22
\ex@=\dimen277
))
(D:\新生实践课\新建文件夹\新建文件夹\tex/latex/amsmath\amsbsy.sty
Package: amsbsy 1999/11/29 v1.2d Bold Symbols
\pmbraise@=\dimen278
)
(D:\新生实践课\新建文件夹\新建文件夹\tex/latex/amsmath\amsopn.sty
Package: amsopn 2016/03/08 v2.02 operator names
)
\inf@bad=\count317
LaTeX Info: Redefining \frac on input line 234.
\uproot@=\count318
\leftroot@=\count319
LaTeX Info: Redefining \overline on input line 399.
\classnum@=\count320
\DOTSCASE@=\count321
LaTeX Info: Redefining \ldots on input line 496.
LaTeX Info: Redefining \dots on input line 499.
LaTeX Info: Redefining \cdots on input line 620.
\Mathstrutbox@=\box57
\strutbox@=\box58
\big@size=\dimen279
LaTeX Font Info:    Redeclaring font encoding OML on input line 743.
LaTeX Font Info:    Redeclaring font encoding OMS on input line 744.
\macc@depth=\count322
\c@MaxMatrixCols=\count323
\dotsspace@=\muskip18
\c@parentequation=\count324
\dspbrk@lvl=\count325
\tag@help=\toks23
\row@=\count326
\column@=\count327
\maxfields@=\count328
\andhelp@=\toks24
\eqnshift@=\dimen280
\alignsep@=\dimen281
\tagshift@=\dimen282
\tagwidth@=\dimen283
\totwidth@=\dimen284
\lineht@=\dimen285
\@envbody=\toks25
\multlinegap=\skip107
\multlinetaggap=\skip108
\mathdisplay@stack=\toks26
LaTeX Info: Redefining \[ on input line 2923.
LaTeX Info: Redefining \] on input line 2924.
)
(D:\新生实践课\新建文件夹\新建文件夹\tex/latex/enumitem\enumitem.sty
Package: enumitem 2019/06/20 v3.9 Customized lists
\labelindent=\skip109
\enit@outerparindent=\dimen286
\enit@toks=\toks27
\enit@inbox=\box59
\enit@count@id=\count329
\enitdp@description=\count330
)
(D:\新生实践课\新建文件夹\新建文件夹\tex/latex/natbib\natbib.sty
Package: natbib 2010/09/13 8.31b (PWD, AO)
\bibhang=\skip110
\bibsep=\skip111
LaTeX Info: Redefining \cite on input line 694.
\c@NAT@ctr=\count331
))
(D:\新生实践课\新建文件夹\新建文件夹\tex/latex/algorithms\algorithm.sty
Invalid UTF-8 byte or sequence at line 11 replaced by U+FFFD.
Package: algorithm 2009/08/24 v0.1 Document Style `algorithm' - floating enviro
nment

(D:\新生实践课\新建文件夹\新建文件夹\tex/latex/float\float.sty
Package: float 2001/11/08 v1.3d Float enhancements (AL)
\c@float@type=\count332
\float@exts=\toks28
\float@box=\box60
\@float@everytoks=\toks29
\@floatcapt=\box61
)
(D:\新生实践课\新建文件夹\新建文件夹\tex/latex/base\ifthen.sty
Package: ifthen 2020/11/24 v1.1c Standard LaTeX ifthen package (DPC)
)
\@float@every@algorithm=\toks30
\c@algorithm=\count333
)
(D:\新生实践课\新建文件夹\新建文件夹\tex/latex/multirow\multirow.sty
Package: multirow 2021/03/15 v2.8 Span multiple rows of a table
\multirow@colwidth=\skip112
\multirow@cntb=\count334
\multirow@dima=\skip113
\bigstrutjot=\dimen287
)
(D:\新生实践课\新建文件夹\新建文件夹\tex/latex/algorithmicx\algpseudocode.sty
Package: algpseudocode 

(D:\新生实践课\新建文件夹\新建文件夹\tex/latex/algorithmicx\algorithmicx.sty
Package: algorithmicx 2005/04/27 v1.2 Algorithmicx

Document Style algorithmicx 1.2 - a greatly improved `algorithmic' style
\c@ALG@line=\count335
\c@ALG@rem=\count336
\c@ALG@nested=\count337
\ALG@tlm=\skip114
\ALG@thistlm=\skip115
\c@ALG@Lnr=\count338
\c@ALG@blocknr=\count339
\c@ALG@storecount=\count340
\c@ALG@tmpcounter=\count341
\ALG@tmplength=\skip116
)
Document Style - pseudocode environments for use with the `algorithmicx' style
) (D:\新生实践课\新建文件夹\新建文件夹\tex/latex/amscls\amsthm.sty
Package: amsthm 2020/05/29 v2.20.6
\thm@style=\toks31
\thm@bodyfont=\toks32
\thm@headfont=\toks33
\thm@notefont=\toks34
\thm@headpunct=\toks35
\thm@preskip=\skip117
\thm@postskip=\skip118
\thm@headsep=\skip119
\dth@everypar=\toks36
)
(D:\新生实践课\新建文件夹\新建文件夹\tex/latex/framed\framed.sty
Package: framed 2011/10/22 v 0.96: framed or shaded text with page breaks
\OuterFrameSep=\skip120
\fb@frw=\dimen288
\fb@frh=\dimen289
\FrameRule=\dimen290
\FrameSep=\dimen291
)
(D:\新生实践课\新建文件夹\新建文件夹\tex/latex/mathtools\mathtools.sty
Package: mathtools 2021/04/12 v1.27 mathematical typesetting tools

(D:\新生实践课\新建文件夹\新建文件夹\tex/latex/tools\calc.sty
Package: calc 2017/05/25 v4.3 Infix arithmetic (KKT,FJ)
\calc@Acount=\count342
\calc@Bcount=\count343
\calc@Adimen=\dimen292
\calc@Bdimen=\dimen293
\calc@Askip=\skip121
\calc@Bskip=\skip122
LaTeX Info: Redefining \setlength on input line 80.
LaTeX Info: Redefining \addtolength on input line 81.
\calc@Ccount=\count344
\calc@Cskip=\skip123
)
(D:\新生实践课\新建文件夹\新建文件夹\tex/latex/mathtools\mhsetup.sty
Package: mhsetup 2021/03/18 v1.4 programming setup (MH)
)
LaTeX Info: Thecontrolsequence`\('isalreadyrobust on input line 130.
LaTeX Info: Thecontrolsequence`\)'isalreadyrobust on input line 130.
LaTeX Info: Thecontrolsequence`\['isalreadyrobust on input line 130.
LaTeX Info: Thecontrolsequence`\]'isalreadyrobust on input line 130.
\g_MT_multlinerow_int=\count345
\l_MT_multwidth_dim=\dimen294
\origjot=\skip124
\l_MT_shortvdotswithinadjustabove_dim=\dimen295
\l_MT_shortvdotswithinadjustbelow_dim=\dimen296
\l_MT_above_intertext_sep=\dimen297
\l_MT_below_intertext_sep=\dimen298
\l_MT_above_shortintertext_sep=\dimen299
\l_MT_below_shortintertext_sep=\dimen300
\xmathstrut@box=\box62
\xmathstrut@dim=\dimen301
)
(D:\新生实践课\新建文件夹\新建文件夹\tex/latex/caption\subcaption.sty
Package: subcaption 2020/10/07 v1.3j Sub-captions (AR)
\c@subfigure=\count346
\c@subtable=\count347
)
(D:\新生实践课\新建文件夹\新建文件夹\tex/latex/xltxtra\xltxtra.sty
Package: xltxtra 2018/12/31 v0.7 Improvements for the "XeLaTeX" format

(D:\新生实践课\新建文件夹\新建文件夹\tex/generic/iftex\ifluatex.sty
Package: ifluatex 2019/10/25 v1.5 ifluatex legacy package. Use iftex instead.
)
(D:\新生实践课\新建文件夹\新建文件夹\tex/generic/iftex\ifxetex.sty
Package: ifxetex 2019/10/25 v0.7 ifxetex legacy package. Use iftex instead.
)
(D:\新生实践课\新建文件夹\新建文件夹\tex/latex/realscripts\realscripts.sty
Package: realscripts 2016/02/13 v0.3d Access OpenType subscripts and superscrip
ts
\subsupersep=\dimen302
)
(D:\新生实践课\新建文件夹\新建文件夹\tex/latex/metalogo\metalogo.sty
Package: metalogo 2010/05/29 v0.12 Extended TeX logo macros
\xl@everylogo=\toks37
\xl@@everylogo=\toks38
LaTeX Info: Redefining \TeX on input line 193.
LaTeX Info: Redefining \LaTeX on input line 202.
LaTeX Info: Redefining \LaTeXe on input line 219.
)
\l__xetex_show_hyphens_wrapping_box=\box63
\l__xetex_show_hyphens_temp_box=\box64
\l__xetex_show_hyphens_final_box=\box65
\g__xetex_show_hyphens_word_box=\box66
)
(D:\新生实践课\新建文件夹\新建文件夹\tex/latex/tools\bm.sty
Package: bm 2021/04/25 v1.2e Bold Symbol Support (DPC/FMi)
\symboldoperators=\mathgroup4
\symboldletters=\mathgroup5
\symboldsymbols=\mathgroup6
Package bm Info: No bold for \OMX/cmex/m/n, using \pmb.
LaTeX Font Info:    Redeclaring math alphabet \mathbf on input line 149.
)
(D:\新生实践课\新建文件夹\新建文件夹\tex/latex/pgf/frontendlayer\tikz.sty
(D:\新生实践课\新建文件夹\新建文件夹\tex/latex/pgf/basiclayer\pgf.sty
(D:\新生实践课\新建文件夹\新建文件夹\tex/latex/pgf/utilities\pgfrcs.sty
(D:\新生实践课\新建文件夹\新建文件夹\tex/generic/pgf/utilities\pgfutil-common.tex
\pgfutil@everybye=\toks39
\pgfutil@tempdima=\dimen303
\pgfutil@tempdimb=\dimen304

(D:\新生实践课\新建文件夹\新建文件夹\tex/generic/pgf/utilities\pgfutil-common-lists.tex))
(D:\新生实践课\新建文件夹\新建文件夹\tex/generic/pgf/utilities\pgfutil-latex.def
\pgfutil@abb=\box67
)
(D:\新生实践课\新建文件夹\新建文件夹\tex/generic/pgf/utilities\pgfrcs.code.tex
(D:\新生实践课\新建文件夹\新建文件夹\tex/generic/pgf\pgf.revision.tex)
Package: pgfrcs 2021/05/15 v3.1.9a (3.1.9a)
))
Package: pgf 2021/05/15 v3.1.9a (3.1.9a)

(D:\新生实践课\新建文件夹\新建文件夹\tex/latex/pgf/basiclayer\pgfcore.sty
(D:\新生实践课\新建文件夹\新建文件夹\tex/latex/pgf/systemlayer\pgfsys.sty
(D:\新生实践课\新建文件夹\新建文件夹\tex/generic/pgf/systemlayer\pgfsys.code.tex
Package: pgfsys 2021/05/15 v3.1.9a (3.1.9a)

(D:\新生实践课\新建文件夹\新建文件夹\tex/generic/pgf/utilities\pgfkeys.code.tex
\pgfkeys@pathtoks=\toks40
\pgfkeys@temptoks=\toks41

(D:\新生实践课\新建文件夹\新建文件夹\tex/generic/pgf/utilities\pgfkeysfiltered.code.tex
\pgfkeys@tmptoks=\toks42
))
\pgf@x=\dimen305
\pgf@y=\dimen306
\pgf@xa=\dimen307
\pgf@ya=\dimen308
\pgf@xb=\dimen309
\pgf@yb=\dimen310
\pgf@xc=\dimen311
\pgf@yc=\dimen312
\pgf@xd=\dimen313
\pgf@yd=\dimen314
\w@pgf@writea=\write3
\r@pgf@reada=\read2
\c@pgf@counta=\count348
\c@pgf@countb=\count349
\c@pgf@countc=\count350
\c@pgf@countd=\count351
\t@pgf@toka=\toks43
\t@pgf@tokb=\toks44
\t@pgf@tokc=\toks45
\pgf@sys@id@count=\count352

(D:\新生实践课\新建文件夹\新建文件夹\tex/generic/pgf/systemlayer\pgf.cfg
File: pgf.cfg 2021/05/15 v3.1.9a (3.1.9a)
)
Driver file for pgf: pgfsys-xetex.def

(D:\新生实践课\新建文件夹\新建文件夹\tex/generic/pgf/systemlayer\pgfsys-xetex.def
File: pgfsys-xetex.def 2021/05/15 v3.1.9a (3.1.9a)

(D:\新生实践课\新建文件夹\新建文件夹\tex/generic/pgf/systemlayer\pgfsys-dvipdfmx.def
File: pgfsys-dvipdfmx.def 2021/05/15 v3.1.9a (3.1.9a)

(D:\新生实践课\新建文件夹\新建文件夹\tex/generic/pgf/systemlayer\pgfsys-common-pdf.def
File: pgfsys-common-pdf.def 2021/05/15 v3.1.9a (3.1.9a)
)
\pgfsys@objnum=\count353
)))
(D:\新生实践课\新建文件夹\新建文件夹\tex/generic/pgf/systemlayer\pgfsyssoftpath.code.tex
File: pgfsyssoftpath.code.tex 2021/05/15 v3.1.9a (3.1.9a)
\pgfsyssoftpath@smallbuffer@items=\count354
\pgfsyssoftpath@bigbuffer@items=\count355
)
(D:\新生实践课\新建文件夹\新建文件夹\tex/generic/pgf/systemlayer\pgfsysprotocol.code.tex
File: pgfsysprotocol.code.tex 2021/05/15 v3.1.9a (3.1.9a)
))
(D:\新生实践课\新建文件夹\新建文件夹\tex/latex/xcolor\xcolor.sty
Package: xcolor 2016/05/11 v2.12 LaTeX color extensions (UK)

(D:\新生实践课\新建文件夹\新建文件夹\tex/latex/graphics-cfg\color.cfg
File: color.cfg 2016/01/02 v1.6 sample color configuration
)
Package xcolor Info: Driver file: xetex.def on input line 225.
Package xcolor Info: Model `cmy' substituted by `cmy0' on input line 1348.
Package xcolor Info: Model `RGB' extended on input line 1364.
Package xcolor Info: Model `HTML' substituted by `rgb' on input line 1366.
Package xcolor Info: Model `Hsb' substituted by `hsb' on input line 1367.
Package xcolor Info: Model `tHsb' substituted by `hsb' on input line 1368.
Package xcolor Info: Model `HSB' substituted by `hsb' on input line 1369.
Package xcolor Info: Model `Gray' substituted by `gray' on input line 1370.
Package xcolor Info: Model `wave' substituted by `hsb' on input line 1371.
)
(D:\新生实践课\新建文件夹\新建文件夹\tex/generic/pgf/basiclayer\pgfcore.code.tex
Package: pgfcore 2021/05/15 v3.1.9a (3.1.9a)

(D:\新生实践课\新建文件夹\新建文件夹\tex/generic/pgf/math\pgfmath.code.tex
(D:\新生实践课\新建文件夹\新建文件夹\tex/generic/pgf/math\pgfmathcalc.code.tex
(D:\新生实践课\新建文件夹\新建文件夹\tex/generic/pgf/math\pgfmathutil.code.tex)
(D:\新生实践课\新建文件夹\新建文件夹\tex/generic/pgf/math\pgfmathparser.code.tex
\pgfmath@dimen=\dimen315
\pgfmath@count=\count356
\pgfmath@box=\box68
\pgfmath@toks=\toks46
\pgfmath@stack@operand=\toks47
\pgfmath@stack@operation=\toks48
)
(D:\新生实践课\新建文件夹\新建文件夹\tex/generic/pgf/math\pgfmathfunctions.code.tex
(D:\新生实践课\新建文件夹\新建文件夹\tex/generic/pgf/math\pgfmathfunctions.basic.code.tex)
(D:\新生实践课\新建文件夹\新建文件夹\tex/generic/pgf/math\pgfmathfunctions.trigonometric.code.
tex)
(D:\新生实践课\新建文件夹\新建文件夹\tex/generic/pgf/math\pgfmathfunctions.random.code.tex)
(D:\新生实践课\新建文件夹\新建文件夹\tex/generic/pgf/math\pgfmathfunctions.comparison.code.tex
) (D:\新生实践课\新建文件夹\新建文件夹\tex/generic/pgf/math\pgfmathfunctions.base.code.tex)
(D:\新生实践课\新建文件夹\新建文件夹\tex/generic/pgf/math\pgfmathfunctions.round.code.tex)
(D:\新生实践课\新建文件夹\新建文件夹\tex/generic/pgf/math\pgfmathfunctions.misc.code.tex)
(D:\新生实践课\新建文件夹\新建文件夹\tex/generic/pgf/math\pgfmathfunctions.integerarithmetics.
code.tex))) (D:\新生实践课\新建文件夹\新建文件夹\tex/generic/pgf/math\pgfmathfloat.code.tex
\c@pgfmathroundto@lastzeros=\count357
))
(D:\新生实践课\新建文件夹\新建文件夹\tex/generic/pgf/math\pgfint.code.tex)
(D:\新生实践课\新建文件夹\新建文件夹\tex/generic/pgf/basiclayer\pgfcorepoints.code.tex
File: pgfcorepoints.code.tex 2021/05/15 v3.1.9a (3.1.9a)
\pgf@picminx=\dimen316
\pgf@picmaxx=\dimen317
\pgf@picminy=\dimen318
\pgf@picmaxy=\dimen319
\pgf@pathminx=\dimen320
\pgf@pathmaxx=\dimen321
\pgf@pathminy=\dimen322
\pgf@pathmaxy=\dimen323
\pgf@xx=\dimen324
\pgf@xy=\dimen325
\pgf@yx=\dimen326
\pgf@yy=\dimen327
\pgf@zx=\dimen328
\pgf@zy=\dimen329
)
(D:\新生实践课\新建文件夹\新建文件夹\tex/generic/pgf/basiclayer\pgfcorepathconstruct.code.tex
File: pgfcorepathconstruct.code.tex 2021/05/15 v3.1.9a (3.1.9a)
\pgf@path@lastx=\dimen330
\pgf@path@lasty=\dimen331
) (D:\新生实践课\新建文件夹\新建文件夹\tex/generic/pgf/basiclayer\pgfcorepathusage.code.tex
File: pgfcorepathusage.code.tex 2021/05/15 v3.1.9a (3.1.9a)
\pgf@shorten@end@additional=\dimen332
\pgf@shorten@start@additional=\dimen333
)
(D:\新生实践课\新建文件夹\新建文件夹\tex/generic/pgf/basiclayer\pgfcorescopes.code.tex
File: pgfcorescopes.code.tex 2021/05/15 v3.1.9a (3.1.9a)
\pgfpic=\box69
\pgf@hbox=\box70
\pgf@layerbox@main=\box71
\pgf@picture@serial@count=\count358
)
(D:\新生实践课\新建文件夹\新建文件夹\tex/generic/pgf/basiclayer\pgfcoregraphicstate.code.tex
File: pgfcoregraphicstate.code.tex 2021/05/15 v3.1.9a (3.1.9a)
\pgflinewidth=\dimen334
)
(D:\新生实践课\新建文件夹\新建文件夹\tex/generic/pgf/basiclayer\pgfcoretransformations.code.te
x
File: pgfcoretransformations.code.tex 2021/05/15 v3.1.9a (3.1.9a)
\pgf@pt@x=\dimen335
\pgf@pt@y=\dimen336
\pgf@pt@temp=\dimen337
) (D:\新生实践课\新建文件夹\新建文件夹\tex/generic/pgf/basiclayer\pgfcorequick.code.tex
File: pgfcorequick.code.tex 2021/05/15 v3.1.9a (3.1.9a)
)
(D:\新生实践课\新建文件夹\新建文件夹\tex/generic/pgf/basiclayer\pgfcoreobjects.code.tex
File: pgfcoreobjects.code.tex 2021/05/15 v3.1.9a (3.1.9a)
)
(D:\新生实践课\新建文件夹\新建文件夹\tex/generic/pgf/basiclayer\pgfcorepathprocessing.code.tex
File: pgfcorepathprocessing.code.tex 2021/05/15 v3.1.9a (3.1.9a)
) (D:\新生实践课\新建文件夹\新建文件夹\tex/generic/pgf/basiclayer\pgfcorearrows.code.tex
File: pgfcorearrows.code.tex 2021/05/15 v3.1.9a (3.1.9a)
\pgfarrowsep=\dimen338
)
(D:\新生实践课\新建文件夹\新建文件夹\tex/generic/pgf/basiclayer\pgfcoreshade.code.tex
File: pgfcoreshade.code.tex 2021/05/15 v3.1.9a (3.1.9a)
\pgf@max=\dimen339
\pgf@sys@shading@range@num=\count359
\pgf@shadingcount=\count360
)
(D:\新生实践课\新建文件夹\新建文件夹\tex/generic/pgf/basiclayer\pgfcoreimage.code.tex
File: pgfcoreimage.code.tex 2021/05/15 v3.1.9a (3.1.9a)

(D:\新生实践课\新建文件夹\新建文件夹\tex/generic/pgf/basiclayer\pgfcoreexternal.code.tex
File: pgfcoreexternal.code.tex 2021/05/15 v3.1.9a (3.1.9a)
\pgfexternal@startupbox=\box72
))
(D:\新生实践课\新建文件夹\新建文件夹\tex/generic/pgf/basiclayer\pgfcorelayers.code.tex
File: pgfcorelayers.code.tex 2021/05/15 v3.1.9a (3.1.9a)
)
(D:\新生实践课\新建文件夹\新建文件夹\tex/generic/pgf/basiclayer\pgfcoretransparency.code.tex
File: pgfcoretransparency.code.tex 2021/05/15 v3.1.9a (3.1.9a)
)
(D:\新生实践课\新建文件夹\新建文件夹\tex/generic/pgf/basiclayer\pgfcorepatterns.code.tex
File: pgfcorepatterns.code.tex 2021/05/15 v3.1.9a (3.1.9a)
)
(D:\新生实践课\新建文件夹\新建文件夹\tex/generic/pgf/basiclayer\pgfcorerdf.code.tex
File: pgfcorerdf.code.tex 2021/05/15 v3.1.9a (3.1.9a)
)))
(D:\新生实践课\新建文件夹\新建文件夹\tex/generic/pgf/modules\pgfmoduleshapes.code.tex
File: pgfmoduleshapes.code.tex 2021/05/15 v3.1.9a (3.1.9a)
\pgfnodeparttextbox=\box73
)
(D:\新生实践课\新建文件夹\新建文件夹\tex/generic/pgf/modules\pgfmoduleplot.code.tex
File: pgfmoduleplot.code.tex 2021/05/15 v3.1.9a (3.1.9a)
)
(D:\新生实践课\新建文件夹\新建文件夹\tex/latex/pgf/compatibility\pgfcomp-version-0-65.sty
Package: pgfcomp-version-0-65 2021/05/15 v3.1.9a (3.1.9a)
\pgf@nodesepstart=\dimen340
\pgf@nodesepend=\dimen341
)
(D:\新生实践课\新建文件夹\新建文件夹\tex/latex/pgf/compatibility\pgfcomp-version-1-18.sty
Package: pgfcomp-version-1-18 2021/05/15 v3.1.9a (3.1.9a)
))
(D:\新生实践课\新建文件夹\新建文件夹\tex/latex/pgf/utilities\pgffor.sty
(D:\新生实践课\新建文件夹\新建文件夹\tex/latex/pgf/utilities\pgfkeys.sty
(D:\新生实践课\新建文件夹\新建文件夹\tex/generic/pgf/utilities\pgfkeys.code.tex))
(D:\新生实践课\新建文件夹\新建文件夹\tex/latex/pgf/math\pgfmath.sty
(D:\新生实践课\新建文件夹\新建文件夹\tex/generic/pgf/math\pgfmath.code.tex))
(D:\新生实践课\新建文件夹\新建文件夹\tex/generic/pgf/utilities\pgffor.code.tex
Package: pgffor 2021/05/15 v3.1.9a (3.1.9a)

(D:\新生实践课\新建文件夹\新建文件夹\tex/generic/pgf/math\pgfmath.code.tex)
\pgffor@iter=\dimen342
\pgffor@skip=\dimen343
\pgffor@stack=\toks49
\pgffor@toks=\toks50
))
(D:\新生实践课\新建文件夹\新建文件夹\tex/generic/pgf/frontendlayer/tikz\tikz.code.tex
Package: tikz 2021/05/15 v3.1.9a (3.1.9a)

(D:\新生实践课\新建文件夹\新建文件夹\tex/generic/pgf/libraries\pgflibraryplothandlers.code.tex
File: pgflibraryplothandlers.code.tex 2021/05/15 v3.1.9a (3.1.9a)
\pgf@plot@mark@count=\count361
\pgfplotmarksize=\dimen344
)
\tikz@lastx=\dimen345
\tikz@lasty=\dimen346
\tikz@lastxsaved=\dimen347
\tikz@lastysaved=\dimen348
\tikz@lastmovetox=\dimen349
\tikz@lastmovetoy=\dimen350
\tikzleveldistance=\dimen351
\tikzsiblingdistance=\dimen352
\tikz@figbox=\box74
\tikz@figbox@bg=\box75
\tikz@tempbox=\box76
\tikz@tempbox@bg=\box77
\tikztreelevel=\count362
\tikznumberofchildren=\count363
\tikznumberofcurrentchild=\count364
\tikz@fig@count=\count365
 (D:\新生实践课\新建文件夹\新建文件夹\tex/generic/pgf/modules\pgfmodulematrix.code.tex
File: pgfmodulematrix.code.tex 2021/05/15 v3.1.9a (3.1.9a)
\pgfmatrixcurrentrow=\count366
\pgfmatrixcurrentcolumn=\count367
\pgf@matrix@numberofcolumns=\count368
)
\tikz@expandcount=\count369

(D:\新生实践课\新建文件夹\新建文件夹\tex/generic/pgf/frontendlayer/tikz/libraries\tikzlibraryt
opaths.code.tex
File: tikzlibrarytopaths.code.tex 2021/05/15 v3.1.9a (3.1.9a)
))) (D:\新生实践课\新建文件夹\新建文件夹\tex/latex/tikzscale\tikzscale.sty
Package: tikzscale 2013/05/22 v0.2.6 tikzscale LaTeX package

(D:\新生实践课\新建文件夹\新建文件夹\tex/latex/etoolbox\etoolbox.sty
Package: etoolbox 2020/10/05 v2.5k e-TeX tools for LaTeX (JAW)
\etb@tempcnta=\count370
)
\tikzscale@measuredSize=\box78
)
(D:\新生实践课\新建文件夹\新建文件夹\tex/latex/pgfplots\pgfplots.sty
(D:\新生实践课\新建文件夹\新建文件夹\tex/generic/pgfplots\pgfplots.revision.tex)
Package: pgfplots 2021/05/15 v1.18.1 Data Visualization (1.18.1)

(D:\新生实践课\新建文件夹\新建文件夹\tex/generic/pgfplots\pgfplots.code.tex
(D:\新生实践课\新建文件夹\新建文件夹\tex/generic/pgfplots\pgfplotscore.code.tex
\t@pgfplots@toka=\toks51
\t@pgfplots@tokb=\toks52
\t@pgfplots@tokc=\toks53
\pgfplots@tmpa=\dimen353
\c@pgfplots@coordindex=\count371
\c@pgfplots@scanlineindex=\count372

(D:\新生实践课\新建文件夹\新建文件夹\tex/generic/pgfplots/sys\pgfplotssysgeneric.code.tex))
(D:\新生实践课\新建文件夹\新建文件夹\tex/generic/pgfplots/libs\pgfplotslibrary.code.tex)
(D:\新生实践课\新建文件夹\新建文件夹\tex/generic/pgfplots/oldpgfcompatib\pgfplotsoldpgfsupp_lo
ader.code.tex
(D:\新生实践课\新建文件夹\新建文件夹\tex/generic/pgf/libraries\pgflibraryfpu.code.tex))
(D:\新生实践课\新建文件夹\新建文件夹\tex/generic/pgfplots/util\pgfplotsutil.code.tex
(D:\新生实践课\新建文件夹\新建文件夹\tex/generic/pgfplots/liststructure\pgfplotsliststructure.
code.tex)
(D:\新生实践课\新建文件夹\新建文件夹\tex/generic/pgfplots/liststructure\pgfplotsliststructuree
xt.code.tex)
(D:\新生实践课\新建文件夹\新建文件夹\tex/generic/pgfplots/liststructure\pgfplotsarray.code.tex
\c@pgfplotsarray@tmp=\count373
)
(D:\新生实践课\新建文件夹\新建文件夹\tex/generic/pgfplots/liststructure\pgfplotsmatrix.code.te
x)
(D:\新生实践课\新建文件夹\新建文件夹\tex/generic/pgfplots/numtable\pgfplotstableshared.code.te
x
\c@pgfplotstable@counta=\count374
\t@pgfplotstable@a=\toks54
)
(D:\新生实践课\新建文件夹\新建文件夹\tex/generic/pgfplots/liststructure\pgfplotsdeque.code.tex
) (D:\新生实践课\新建文件夹\新建文件夹\tex/generic/pgfplots/util\pgfplotsbinary.code.tex
(D:\新生实践课\新建文件夹\新建文件夹\tex/generic/pgfplots/util\pgfplotsbinary.data.code.tex))
(D:\新生实践课\新建文件夹\新建文件夹\tex/generic/pgfplots/util\pgfplotsutil.verb.code.tex)
(D:\新生实践课\新建文件夹\新建文件夹\tex/generic/pgfplots/libs\pgflibrarypgfplots.surfshading.
code.tex
\c@pgfplotslibrarysurf@no=\count375

(D:\新生实践课\新建文件夹\新建文件夹\tex/generic/pgfplots/sys\pgflibrarypgfplots.surfshading.p
gfsys-xetex.def
(D:\新生实践课\新建文件夹\新建文件夹\tex/generic/pgfplots/sys\pgflibrarypgfplots.surfshading.p
gfsys-dvipdfmx.def
\c@pgfplotslibrarysurf@streamlen=\count376
))))
(D:\新生实践课\新建文件夹\新建文件夹\tex/generic/pgfplots/util\pgfplotscolormap.code.tex
(D:\新生实践课\新建文件夹\新建文件夹\tex/generic/pgfplots/util\pgfplotscolor.code.tex))
(D:\新生实践课\新建文件夹\新建文件夹\tex/generic/pgfplots\pgfplotsstackedplots.code.tex)
(D:\新生实践课\新建文件夹\新建文件夹\tex/generic/pgfplots\pgfplotsplothandlers.code.tex
(D:\新生实践课\新建文件夹\新建文件夹\tex/generic/pgfplots\pgfplotsmeshplothandler.code.tex
(D:\新生实践课\新建文件夹\新建文件夹\tex/generic/pgfplots\pgfplotsmeshplotimage.code.tex)))
(D:\新生实践课\新建文件夹\新建文件夹\tex/generic/pgfplots\pgfplots.scaling.code.tex)
(D:\新生实践课\新建文件夹\新建文件夹\tex/generic/pgfplots\pgfplotscoordprocessing.code.tex)
(D:\新生实践课\新建文件夹\新建文件夹\tex/generic/pgfplots\pgfplots.errorbars.code.tex)
(D:\新生实践课\新建文件夹\新建文件夹\tex/generic/pgfplots\pgfplots.markers.code.tex)
(D:\新生实践课\新建文件夹\新建文件夹\tex/generic/pgfplots\pgfplotsticks.code.tex)
(D:\新生实践课\新建文件夹\新建文件夹\tex/generic/pgfplots\pgfplots.paths.code.tex)
(D:\新生实践课\新建文件夹\新建文件夹\tex/generic/pgf/frontendlayer/tikz/libraries\tikzlibraryd
ecorations.code.tex
(D:\新生实践课\新建文件夹\新建文件夹\tex/generic/pgf/modules\pgfmoduledecorations.code.tex
\pgfdecoratedcompleteddistance=\dimen354
\pgfdecoratedremainingdistance=\dimen355
\pgfdecoratedinputsegmentcompleteddistance=\dimen356
\pgfdecoratedinputsegmentremainingdistance=\dimen357
\pgf@decorate@distancetomove=\dimen358
\pgf@decorate@repeatstate=\count377
\pgfdecorationsegmentamplitude=\dimen359
\pgfdecorationsegmentlength=\dimen360
)
\tikz@lib@dec@box=\box79
)
(D:\新生实践课\新建文件夹\新建文件夹\tex/generic/pgf/frontendlayer/tikz/libraries\tikzlibraryd
ecorations.pathmorphing.code.tex
(D:\新生实践课\新建文件夹\新建文件夹\tex/generic/pgf/libraries/decorations\pgflibrarydecoratio
ns.pathmorphing.code.tex))
(D:\新生实践课\新建文件夹\新建文件夹\tex/generic/pgf/frontendlayer/tikz/libraries\tikzlibraryd
ecorations.pathreplacing.code.tex
(D:\新生实践课\新建文件夹\新建文件夹\tex/generic/pgf/libraries/decorations\pgflibrarydecoratio
ns.pathreplacing.code.tex))
(D:\新生实践课\新建文件夹\新建文件夹\tex/generic/pgfplots/libs\tikzlibrarypgfplots.contourlua.
code.tex)
\pgfplots@numplots=\count378
\pgfplots@xmin@reg=\dimen361
\pgfplots@xmax@reg=\dimen362
\pgfplots@ymin@reg=\dimen363
\pgfplots@ymax@reg=\dimen364
\pgfplots@zmin@reg=\dimen365
\pgfplots@zmax@reg=\dimen366
)
(D:\新生实践课\新建文件夹\新建文件夹\tex/generic/pgf/frontendlayer/tikz/libraries\tikzlibraryp
lotmarks.code.tex
File: tikzlibraryplotmarks.code.tex 2021/05/15 v3.1.9a (3.1.9a)

(D:\新生实践课\新建文件夹\新建文件夹\tex/generic/pgf/libraries\pgflibraryplotmarks.code.tex
File: pgflibraryplotmarks.code.tex 2021/05/15 v3.1.9a (3.1.9a)
)))
\c@thm=\count379
\c@lem=\count380
\c@alg=\count381
\tikzscale@accuracy=\skip125
No file How_to_write_latex.aux.
\openout1 = `How_to_write_latex.aux'.

LaTeX Font Info:    Checking defaults for OML/cmm/m/it on input line 83.
LaTeX Font Info:    ... okay on input line 83.
LaTeX Font Info:    Checking defaults for OMS/cmsy/m/n on input line 83.
LaTeX Font Info:    ... okay on input line 83.
LaTeX Font Info:    Checking defaults for OT1/cmr/m/n on input line 83.
LaTeX Font Info:    ... okay on input line 83.
LaTeX Font Info:    Checking defaults for T1/cmr/m/n on input line 83.
LaTeX Font Info:    ... okay on input line 83.
LaTeX Font Info:    Checking defaults for TS1/cmr/m/n on input line 83.
LaTeX Font Info:    ... okay on input line 83.
LaTeX Font Info:    Checking defaults for TU/lmr/m/n on input line 83.
LaTeX Font Info:    ... okay on input line 83.
LaTeX Font Info:    Checking defaults for OMX/cmex/m/n on input line 83.
LaTeX Font Info:    ... okay on input line 83.
LaTeX Font Info:    Checking defaults for U/cmr/m/n on input line 83.
LaTeX Font Info:    ... okay on input line 83.
LaTeX Font Info:    Checking defaults for PD1/pdf/m/n on input line 83.
LaTeX Font Info:    ... okay on input line 83.
LaTeX Font Info:    Checking defaults for PU/pdf/m/n on input line 83.
LaTeX Font Info:    ... okay on input line 83.

Package fontspec Info: Adjusting the maths setup (use [no-math] to avoid
(fontspec)             this).

\symlegacymaths=\mathgroup7
LaTeX Font Info:    Overwriting symbol font `legacymaths' in version `bold'
(Font)                  OT1/cmr/m/n --> OT1/cmr/bx/n on input line 83.
LaTeX Font Info:    Redeclaring math accent \acute on input line 83.
LaTeX Font Info:    Redeclaring math accent \grave on input line 83.
LaTeX Font Info:    Redeclaring math accent \ddot on input line 83.
LaTeX Font Info:    Redeclaring math accent \tilde on input line 83.
LaTeX Font Info:    Redeclaring math accent \bar on input line 83.
LaTeX Font Info:    Redeclaring math accent \breve on input line 83.
LaTeX Font Info:    Redeclaring math accent \check on input line 83.
LaTeX Font Info:    Redeclaring math accent \hat on input line 83.
LaTeX Font Info:    Redeclaring math accent \dot on input line 83.
LaTeX Font Info:    Redeclaring math accent \mathring on input line 83.
LaTeX Font Info:    Redeclaring math symbol \Gamma on input line 83.
LaTeX Font Info:    Redeclaring math symbol \Delta on input line 83.
LaTeX Font Info:    Redeclaring math symbol \Theta on input line 83.
LaTeX Font Info:    Redeclaring math symbol \Lambda on input line 83.
LaTeX Font Info:    Redeclaring math symbol \Xi on input line 83.
LaTeX Font Info:    Redeclaring math symbol \Pi on input line 83.
LaTeX Font Info:    Redeclaring math symbol \Sigma on input line 83.
LaTeX Font Info:    Redeclaring math symbol \Upsilon on input line 83.
LaTeX Font Info:    Redeclaring math symbol \Phi on input line 83.
LaTeX Font Info:    Redeclaring math symbol \Psi on input line 83.
LaTeX Font Info:    Redeclaring math symbol \Omega on input line 83.
LaTeX Font Info:    Redeclaring math symbol \mathdollar on input line 83.
LaTeX Font Info:    Redeclaring symbol font `operators' on input line 83.
LaTeX Font Info:    Encoding `OT1' has changed to `TU' for symbol font
(Font)              `operators' in the math version `normal' on input line 83.
LaTeX Font Info:    Overwriting symbol font `operators' in version `normal'
(Font)                  OT1/cmr/m/n --> TU/TimesNewRoman(0)/m/n on input line 8
3.
LaTeX Font Info:    Encoding `OT1' has changed to `TU' for symbol font
(Font)              `operators' in the math version `bold' on input line 83.
LaTeX Font Info:    Overwriting symbol font `operators' in version `bold'
(Font)                  OT1/cmr/bx/n --> TU/TimesNewRoman(0)/m/n on input line 
83.
LaTeX Font Info:    Overwriting symbol font `operators' in version `normal'
(Font)                  TU/TimesNewRoman(0)/m/n --> TU/TimesNewRoman(0)/m/n on 
input line 83.
LaTeX Font Info:    Overwriting math alphabet `\mathit' in version `normal'
(Font)                  OT1/cmr/m/it --> TU/TimesNewRoman(0)/m/it on input line
 83.
LaTeX Font Info:    Overwriting math alphabet `\mathbf' in version `normal'
(Font)                  OT1/cmr/bx/n --> TU/TimesNewRoman(0)/b/n on input line 
83.
LaTeX Font Info:    Overwriting math alphabet `\mathsf' in version `normal'
(Font)                  OT1/cmss/m/n --> TU/lmss/m/n on input line 83.
LaTeX Font Info:    Overwriting math alphabet `\mathtt' in version `normal'
(Font)                  OT1/cmtt/m/n --> TU/lmtt/m/n on input line 83.
LaTeX Font Info:    Overwriting symbol font `operators' in version `bold'
(Font)                  TU/TimesNewRoman(0)/m/n --> TU/TimesNewRoman(0)/b/n on 
input line 83.
LaTeX Font Info:    Overwriting math alphabet `\mathit' in version `bold'
(Font)                  OT1/cmr/bx/it --> TU/TimesNewRoman(0)/b/it on input lin
e 83.
LaTeX Font Info:    Overwriting math alphabet `\mathsf' in version `bold'
(Font)                  OT1/cmss/bx/n --> TU/lmss/b/n on input line 83.
LaTeX Font Info:    Overwriting math alphabet `\mathtt' in version `bold'
(Font)                  OT1/cmtt/m/n --> TU/lmtt/b/n on input line 83.
*geometry* driver: auto-detecting
*geometry* detected driver: xetex
*geometry* verbose mode - [ preamble ] result:
* driver: xetex
* paper: <default>
* layout: <same size as paper>
* layoutoffset:(h,v)=(0.0pt,0.0pt)
* modes: 
* h-part:(L,W,R)=(90.19518pt, 417.11752pt, 90.19518pt)
* v-part:(T,H,B)=(92.50551pt, 675.93532pt, 76.60602pt)
* \paperwidth=597.50787pt
* \paperheight=845.04684pt
* \textwidth=417.11752pt
* \textheight=675.93532pt
* \oddsidemargin=17.92519pt
* \evensidemargin=17.92519pt
* \topmargin=-24.20947pt
* \headheight=32.4pt
* \headsep=12.045pt
* \topskip=10.0pt
* \footskip=24.09pt
* \marginparwidth=57.0pt
* \marginparsep=11.0pt
* \columnsep=10.0pt
* \skip\footins=9.0pt plus 4.0pt minus 2.0pt
* \hoffset=0.0pt
* \voffset=0.0pt
* \mag=1000
* \@twocolumnfalse
* \@twosidefalse
* \@mparswitchfalse
* \@reversemarginfalse
* (1in=72.27pt=25.4mm, 1cm=28.453pt)

Package hyperref Info: Link coloring OFF on input line 83.
(D:\新生实践课\新建文件夹\新建文件夹\tex/latex/hyperref\nameref.sty
Package: nameref 2021-04-02 v2.47 Cross-referencing by name of section

(D:\新生实践课\新建文件夹\新建文件夹\tex/latex/refcount\refcount.sty
Package: refcount 2019/12/15 v3.6 Data extraction from label references (HO)
)
(D:\新生实践课\新建文件夹\新建文件夹\tex/generic/gettitlestring\gettitlestring.sty
Package: gettitlestring 2019/12/15 v1.6 Cleanup title references (HO)
)
\c@section@level=\count382
)
LaTeX Info: Redefining \ref on input line 83.
LaTeX Info: Redefining \pageref on input line 83.
LaTeX Info: Redefining \nameref on input line 83.
\@outlinefile=\write4
\openout4 = `How_to_write_latex.out'.



Package hyperref Warning: Rerun to get /PageLabels entry.

Package caption Info: Begin \AtBeginDocument code.
Package caption Info: float package is loaded.
Package caption Info: End \AtBeginDocument code.
Package pgfplots notification 'compat/show suggested version=true': you might b
enefit from \pgfplotsset{compat=1.18} (current compat level: 1.16).

File: HUSTGreen.eps Graphic file (type eps)
<HUSTGreen.eps>

Package fontspec Info: Font family 'SimHei(0)' created for font 'SimHei' with
(fontspec)             options
(fontspec)             [Script={CJK},AutoFakeBold={4},AutoFakeSlant={0.167}].
(fontspec)              
(fontspec)              This font family consists of the following NFSS
(fontspec)             series/shapes:
(fontspec)              
(fontspec)             - 'normal' (m/n) with NFSS spec.:
(fontspec)             <->"SimHei/OT:script=hani;language=dflt;"
(fontspec)             - 'small caps'  (m/sc) with NFSS spec.: 
(fontspec)             - 'bold' (b/n) with NFSS spec.:
(fontspec)             <->"SimHei/OT:script=hani;language=dflt;embolden=4;"
(fontspec)             - 'bold small caps'  (b/sc) with NFSS spec.: 
(fontspec)             - 'italic' (m/it) with NFSS spec.:
(fontspec)             <->"SimHei/OT:script=hani;language=dflt;slant=0.167;"
(fontspec)             - 'italic small caps'  (m/scit) with NFSS spec.: 
(fontspec)             - 'bold italic' (b/it) with NFSS spec.:
(fontspec)             <->"SimHei/OT:script=hani;language=dflt;embolden=4;slant
=0.167;"
(fontspec)             - 'bold italic small caps'  (b/scit) with NFSS spec.: 


LaTeX Font Warning: Font shape `OMX/cmex/m/n' in size <16.06> not available
(Font)              size <17.28> substituted on input line 86.


LaTeX Font Warning: Font shape `OMX/cmex/m/n' in size <10.53937> not available
(Font)              size <10.95> substituted on input line 86.


Package fontspec Info: Font family 'SimSun(1)' created for font 'SimSun' with
(fontspec)             options
(fontspec)             [Script={CJK},AutoFakeBold={4},AutoFakeSlant={0.167}].
(fontspec)              
(fontspec)              This font family consists of the following NFSS
(fontspec)             series/shapes:
(fontspec)              
(fontspec)             - 'normal' (m/n) with NFSS spec.:
(fontspec)             <->"SimSun/OT:script=hani;language=dflt;"
(fontspec)             - 'small caps'  (m/sc) with NFSS spec.: 
(fontspec)             - 'bold' (b/n) with NFSS spec.:
(fontspec)             <->"SimSun/OT:script=hani;language=dflt;embolden=4;"
(fontspec)             - 'bold small caps'  (b/sc) with NFSS spec.: 
(fontspec)             - 'italic' (m/it) with NFSS spec.:
(fontspec)             <->"SimSun/OT:script=hani;language=dflt;slant=0.167;"
(fontspec)             - 'italic small caps'  (m/scit) with NFSS spec.: 
(fontspec)             - 'bold italic' (b/it) with NFSS spec.:
(fontspec)             <->"SimSun/OT:script=hani;language=dflt;embolden=4;slant
=0.167;"
(fontspec)             - 'bold italic small caps'  (b/scit) with NFSS spec.: 


! Package fontspec Error: The font "FandolSong" cannot be found.

For immediate help type H <return>.
 ...                                              
                                                  
l.86 
     

A font might not be found for many reasons.
 Check the spelling, where the font is installed etc. etc.

 When in doubt, ask someone for help!



Package fontspec Warning: Font "FandolSong" does not contain requested Script
(fontspec)                "CJK".


! Package fontspec Error: The font "FandolSong" cannot be found.

For immediate help type H <return>.
 ...                                              
                                                  
l.86 
     

A font might not be found for many reasons.
 Check the spelling, where the font is installed etc. etc.

 When in doubt, ask someone for help!



! Package fontspec Error: The font "FandolSong" cannot be found.

For immediate help type H <return>.
 ...                                              
                                                  
l.86 
     

A font might not be found for many reasons.
 Check the spelling, where the font is installed etc. etc.

 When in doubt, ask someone for help!



! Package fontspec Error: The font "FandolSong" cannot be found.

For immediate help type H <return>.
 ...                                              
                                                  
l.86 
     

A font might not be found for many reasons.
 Check the spelling, where the font is installed etc. etc.

 When in doubt, ask someone for help!



! Package fontspec Error: The font "FandolSong" cannot be found.

For immediate help type H <return>.
 ...                                              
                                                  
l.86 
     

A font might not be found for many reasons.
 Check the spelling, where the font is installed etc. etc.

 When in doubt, ask someone for help!



! Package fontspec Error: The font "FandolSong" cannot be found.

For immediate help type H <return>.
 ...                                              
                                                  
l.86 
     

A font might not be found for many reasons.
 Check the spelling, where the font is installed etc. etc.

 When in doubt, ask someone for help!



! Package fontspec Error: The font "FandolSong" cannot be found.

For immediate help type H <return>.
 ...                                              
                                                  
l.86 
     

A font might not be found for many reasons.
 Check the spelling, where the font is installed etc. etc.

 When in doubt, ask someone for help!



! Package fontspec Error: The font "FandolSong" cannot be found.

For immediate help type H <return>.
 ...                                              
                                                  
l.86 
     

A font might not be found for many reasons.
 Check the spelling, where the font is installed etc. etc.

 When in doubt, ask someone for help!



! Package fontspec Error: The font "FandolSong" cannot be found.

For immediate help type H <return>.
 ...                                              
                                                  
l.86 
     

A font might not be found for many reasons.
 Check the spelling, where the font is installed etc. etc.

 When in doubt, ask someone for help!



Package fontspec Info: Font family 'FandolSong(0)' created for font
(fontspec)             'FandolSong' with options
(fontspec)             [Script={CJK},AutoFakeBold={4},AutoFakeSlant={0.167}].
(fontspec)              
(fontspec)              This font family consists of the following NFSS
(fontspec)             series/shapes:
(fontspec)              
(fontspec)             - 'normal' (m/n) with NFSS spec.: <->"FandolSong/OT"
(fontspec)             - 'small caps'  (m/sc) with NFSS spec.:
(fontspec)             <->"FandolSong/OT"
(fontspec)             - 'bold' (b/n) with NFSS spec.:
(fontspec)             <->"FandolSong/OT:embolden=4;"
(fontspec)             - 'bold small caps'  (b/sc) with NFSS spec.:
(fontspec)             <->"FandolSong/OT:embolden=4;"
(fontspec)             - 'italic' (m/it) with NFSS spec.:
(fontspec)             <->"FandolSong/OT:slant=0.167;"
(fontspec)             - 'italic small caps'  (m/scit) with NFSS spec.:
(fontspec)             <->"FandolSong/OT:slant=0.167;"
(fontspec)             - 'bold italic' (b/it) with NFSS spec.:
(fontspec)             <->"FandolSong/OT:embolden=4;slant=0.167;"
(fontspec)             - 'bold italic small caps'  (b/scit) with NFSS spec.:
(fontspec)             <->"FandolSong/OT:embolden=4;slant=0.167;"

! Font TU/FandolSong(0)/b/n/16.06=FandolSong/OT:embolden=4; at 16.06pt not load
able: Metric (TFM) file or installed font not found.
<to be read again> 
                   relax 
l.86 
     
I wasn't able to read the size data for this font,
so I will ignore the font specification.
[Wizards can fix TFM files using TFtoPL/PLtoTF.]
You might try inserting a different font spec;
e.g., type `I\font<same font id>=<substitute font name>'.

Missing character: There is no 院 in font Times New Roman Bold/OT:script=latn;la
nguage=dflt;mapping=tex-text;!
Missing character: There is no 系 in font Times New Roman Bold/OT:script=latn;la
nguage=dflt;mapping=tex-text;!

Underfull \hbox (badness 10000) detected at line 86
\TU/TimesNewRoman(0)/b/n/16.06 院 系
 []

Missing character: There is no 专 in font Times New Roman Bold/OT:script=latn;la
nguage=dflt;mapping=tex-text;!
Missing character: There is no 业 in font Times New Roman Bold/OT:script=latn;la
nguage=dflt;mapping=tex-text;!
Missing character: There is no 班 in font Times New Roman Bold/OT:script=latn;la
nguage=dflt;mapping=tex-text;!
Missing character: There is no 级 in font Times New Roman Bold/OT:script=latn;la
nguage=dflt;mapping=tex-text;!

Underfull \hbox (badness 4108) detected at line 86
\TU/TimesNewRoman(0)/b/n/16.06 专 业 班 级
 []

Missing character: There is no 学 in font Times New Roman Bold/OT:script=latn;la
nguage=dflt;mapping=tex-text;!
Missing character: There is no 号 in font Times New Roman Bold/OT:script=latn;la
nguage=dflt;mapping=tex-text;!
Missing character: There is no 姓 in font Times New Roman Bold/OT:script=latn;la
nguage=dflt;mapping=tex-text;!
Missing character: There is no 名 in font Times New Roman Bold/OT:script=latn;la
nguage=dflt;mapping=tex-text;!
Missing character: There is no 彭 in font Times New Roman Bold/OT:script=latn;la
nguage=dflt;mapping=tex-text;!
Missing character: There is no 嘉 in font Times New Roman Bold/OT:script=latn;la
nguage=dflt;mapping=tex-text;!
Missing character: There is no 炜 in font Times New Roman Bold/OT:script=latn;la
nguage=dflt;mapping=tex-text;!
Missing character: There is no 指 in font Times New Roman Bold/OT:script=latn;la
nguage=dflt;mapping=tex-text;!
Missing character: There is no 导 in font Times New Roman Bold/OT:script=latn;la
nguage=dflt;mapping=tex-text;!
Missing character: There is no 教 in font Times New Roman Bold/OT:script=latn;la
nguage=dflt;mapping=tex-text;!
Missing character: There is no 师 in font Times New Roman Bold/OT:script=latn;la
nguage=dflt;mapping=tex-text;!

Underfull \hbox (badness 4108) detected at line 86
\TU/TimesNewRoman(0)/b/n/16.06 指 导 教 师
 []

Missing character: There is no 陈 in font Times New Roman Bold/OT:script=latn;la
nguage=dflt;mapping=tex-text;!
Missing character: There is no 加 in font Times New Roman Bold/OT:script=latn;la
nguage=dflt;mapping=tex-text;!
Missing character: There is no 忠 in font Times New Roman Bold/OT:script=latn;la
nguage=dflt;mapping=tex-text;!
Missing character: There is no 计 in font Times New Roman Bold/OT:script=latn;la
nguage=dflt;mapping=tex-text;!
Missing character: There is no 算 in font Times New Roman Bold/OT:script=latn;la
nguage=dflt;mapping=tex-text;!
Missing character: There is no 机 in font Times New Roman Bold/OT:script=latn;la
nguage=dflt;mapping=tex-text;!
Missing character: There is no 科 in font Times New Roman Bold/OT:script=latn;la
nguage=dflt;mapping=tex-text;!
Missing character: There is no 学 in font Times New Roman Bold/OT:script=latn;la
nguage=dflt;mapping=tex-text;!
Missing character: There is no 与 in font Times New Roman Bold/OT:script=latn;la
nguage=dflt;mapping=tex-text;!
Missing character: There is no 技 in font Times New Roman Bold/OT:script=latn;la
nguage=dflt;mapping=tex-text;!
Missing character: There is no 术 in font Times New Roman Bold/OT:script=latn;la
nguage=dflt;mapping=tex-text;!
Missing character: There is no 学 in font Times New Roman Bold/OT:script=latn;la
nguage=dflt;mapping=tex-text;!
Missing character: There is no 院 in font Times New Roman Bold/OT:script=latn;la
nguage=dflt;mapping=tex-text;!
[1

]
\tf@toc=\write5
\openout5 = `How_to_write_latex.toc'.

 [1


]

LaTeX Warning: Reference `fig1-1' on page 1 undefined on input line 98.


LaTeX Warning: Reference `fig1-2' on page 1 undefined on input line 98.


LaTeX Warning: Reference `fig1-3' on page 1 undefined on input line 98.

File: images/1-1.pdf Graphic file (type pdf)
<use images/1-1.pdf>
[1


]
File: images/1-2.png Graphic file (type bmp)
<images/1-2.png>
File: images/1-3.png Graphic file (type bmp)
<images/1-3.png>
 [2] [3]

LaTeX Warning: Reference `fig2-1' on page 4 undefined on input line 149.

File: images/2-1.jpg Graphic file (type bmp)
<images/2-1.jpg>
[4] [5]

LaTeX Warning: Reference `alg:1' on page 6 undefined on input line 177.


LaTeX Warning: Reference `alg:2' on page 6 undefined on input line 177.


LaTeX Warning: Reference `alg:1' on page 6 undefined on input line 177.


LaTeX Warning: Reference `alg:2' on page 6 undefined on input line 177.


LaTeX Warning: Reference `alg:1' on page 6 undefined on input line 177.


LaTeX Warning: Reference `alg:2' on page 6 undefined on input line 177.


LaTeX Warning: Reference `alg:1' on page 6 undefined on input line 177.


LaTeX Warning: Reference `alg:2' on page 6 undefined on input line 177.

[6]

LaTeX Warning: Reference `alg:1' on page 7 undefined on input line 203.


LaTeX Warning: Reference `alg:2' on page 7 undefined on input line 203.


LaTeX Warning: Reference `alg:1' on page 7 undefined on input line 203.


LaTeX Warning: Reference `alg:2' on page 7 undefined on input line 203.


LaTeX Warning: Reference `alg:1' on page 7 undefined on input line 203.


LaTeX Warning: Reference `alg:2' on page 7 undefined on input line 203.


LaTeX Warning: Reference `alg:1' on page 7 undefined on input line 203.


LaTeX Warning: Reference `alg:2' on page 7 undefined on input line 203.

Package hyperref Info: bookmark level for unknown algorithm defaults to 0 on in
put line 206.

LaTeX Warning: Command \textless invalid in math mode on input line 209.

[7] [8] [9] [10] [11] (How_to_write_latex.aux)

LaTeX Font Warning: Size substitutions with differences
(Font)              up to 1.22pt have occurred.


LaTeX Warning: There were undefined references.


LaTeX Warning: Label(s) may have changed. Rerun to get cross-references right.


Package rerunfilecheck Warning: File `How_to_write_latex.out' has changed.
(rerunfilecheck)                Rerun to get outlines right
(rerunfilecheck)                or use package `bookmark'.

Package rerunfilecheck Info: Checksums for `How_to_write_latex.out':
(rerunfilecheck)             Before: <no file>
(rerunfilecheck)             After:  0DEBE6BB68AF88E68F28DE231704E655;2149.
 ) 
Here is how much of TeX's memory you used:
 40729 strings out of 411295
 952948 string characters out of 2836736
 1481391 words of memory out of 3000000
 60500 multiletter control sequences out of 15000+600000
 418755 words of font info for 126 fonts, out of 8000000 for 9000
 1348 hyphenation exceptions out of 8191
 88i,11n,102p,1214b,621s stack positions out of 5000i,500n,10000p,200000b,80000s

Output written on How_to_write_latex.pdf (13 pages).
